<?xml version="1.0" encoding="UTF-8"?>
<testng-results skipped="0" failed="0" ignored="0" total="8" passed="8">
  <reporter-output>
  </reporter-output>
  <suite name="New portal for WAES heroes" duration-ms="317148" started-at="2019-10-16T00:17:00Z" finished-at="2019-10-16T00:22:17Z">
    <groups>
      <group name="cucumber">
        <method signature="CucumberRunner.feature(cucumber.api.testng.CucumberFeatureWrapper)[pri:0, instance:com.waes.cucumber.tests.NewWAESPortalInitialFunctionalities@3f908bc0]" name="feature" class="com.qaprosoft.carina.core.foundation.cucumber.CucumberRunner"/>
      </group> <!-- cucumber -->
    </groups>
    <test name="Login Functionality Feature" duration-ms="317148" started-at="2019-10-16T00:17:00Z" finished-at="2019-10-16T00:22:17Z">
      <class name="com.waes.cucumber.tests.NewWAESPortalInitialFunctionalities">
        <test-method status="PASS" signature="setUpClass()[pri:0, instance:com.waes.cucumber.tests.NewWAESPortalInitialFunctionalities@3f908bc0]" name="setUpClass" is-config="true" duration-ms="149" started-at="2019-10-16T00:17:00Z" finished-at="2019-10-16T00:17:00Z">
          <reporter-output>
          </reporter-output>
        </test-method> <!-- setUpClass -->
        <test-method status="PASS" signature="feature(cucumber.api.testng.CucumberFeatureWrapper)[pri:0, instance:com.waes.cucumber.tests.NewWAESPortalInitialFunctionalities@3f908bc0]" name="feature" duration-ms="33358" started-at="2019-10-16T00:17:01Z" description="Runs Cucumber Feature" data-provider="features" finished-at="2019-10-16T00:17:34Z">
          <params>
            <param index="0">
              <value>
                <![CDATA[New WAES's portal, and the initial functionality: login - Successful and Unsuccessful login]]>
              </value>
            </param>
          </params>
          <reporter-output>
          </reporter-output>
        </test-method> <!-- feature -->
        <test-method status="PASS" signature="feature(cucumber.api.testng.CucumberFeatureWrapper)[pri:0, instance:com.waes.cucumber.tests.NewWAESPortalInitialFunctionalities@3f908bc0]" name="feature" duration-ms="12762" started-at="2019-10-16T00:17:34Z" description="Runs Cucumber Feature" data-provider="features" finished-at="2019-10-16T00:17:47Z">
          <params>
            <param index="0">
              <value>
                <![CDATA[New WAES's portal, and the initial functionality: login - Errors Verifications]]>
              </value>
            </param>
          </params>
          <reporter-output>
          </reporter-output>
        </test-method> <!-- feature -->
        <test-method status="PASS" signature="feature(cucumber.api.testng.CucumberFeatureWrapper)[pri:0, instance:com.waes.cucumber.tests.NewWAESPortalInitialFunctionalities@3f908bc0]" name="feature" duration-ms="27079" started-at="2019-10-16T00:17:47Z" description="Runs Cucumber Feature" data-provider="features" finished-at="2019-10-16T00:18:14Z">
          <params>
            <param index="0">
              <value>
                <![CDATA[New WAES's portal, and the initial functionality: login - Details verification]]>
              </value>
            </param>
          </params>
          <reporter-output>
          </reporter-output>
        </test-method> <!-- feature -->
        <test-method status="PASS" signature="feature(cucumber.api.testng.CucumberFeatureWrapper)[pri:0, instance:com.waes.cucumber.tests.NewWAESPortalInitialFunctionalities@3f908bc0]" name="feature" duration-ms="66378" started-at="2019-10-16T00:18:15Z" description="Runs Cucumber Feature" data-provider="features" finished-at="2019-10-16T00:19:21Z">
          <params>
            <param index="0">
              <value>
                <![CDATA[New WAES's portal, and the initial functionality: login - Profile Verifications]]>
              </value>
            </param>
          </params>
          <reporter-output>
          </reporter-output>
        </test-method> <!-- feature -->
        <test-method status="PASS" signature="feature(cucumber.api.testng.CucumberFeatureWrapper)[pri:0, instance:com.waes.cucumber.tests.NewWAESPortalInitialFunctionalities@3f908bc0]" name="feature" duration-ms="49254" started-at="2019-10-16T00:19:21Z" description="Runs Cucumber Feature" data-provider="features" finished-at="2019-10-16T00:20:10Z">
          <params>
            <param index="0">
              <value>
                <![CDATA[New WAES's portal, and the initial functionality: SignUp - Successful and Unsuccessful SignUp]]>
              </value>
            </param>
          </params>
          <reporter-output>
          </reporter-output>
        </test-method> <!-- feature -->
        <test-method status="PASS" signature="feature(cucumber.api.testng.CucumberFeatureWrapper)[pri:0, instance:com.waes.cucumber.tests.NewWAESPortalInitialFunctionalities@3f908bc0]" name="feature" duration-ms="64963" started-at="2019-10-16T00:20:11Z" description="Runs Cucumber Feature" data-provider="features" finished-at="2019-10-16T00:21:16Z">
          <params>
            <param index="0">
              <value>
                <![CDATA[New WAES's portal, and the initial functionality: SignUp - Errors Verifications]]>
              </value>
            </param>
          </params>
          <reporter-output>
          </reporter-output>
        </test-method> <!-- feature -->
        <test-method status="PASS" signature="feature(cucumber.api.testng.CucumberFeatureWrapper)[pri:0, instance:com.waes.cucumber.tests.NewWAESPortalInitialFunctionalities@3f908bc0]" name="feature" duration-ms="18129" started-at="2019-10-16T00:21:16Z" description="Runs Cucumber Feature" data-provider="features" finished-at="2019-10-16T00:21:34Z">
          <params>
            <param index="0">
              <value>
                <![CDATA[New WAES's portal, and the initial functionality: SignUp - Verify Details]]>
              </value>
            </param>
          </params>
          <reporter-output>
          </reporter-output>
        </test-method> <!-- feature -->
        <test-method status="PASS" signature="feature(cucumber.api.testng.CucumberFeatureWrapper)[pri:0, instance:com.waes.cucumber.tests.NewWAESPortalInitialFunctionalities@3f908bc0]" name="feature" duration-ms="39073" started-at="2019-10-16T00:21:34Z" description="Runs Cucumber Feature" data-provider="features" finished-at="2019-10-16T00:22:13Z">
          <params>
            <param index="0">
              <value>
                <![CDATA[New WAES's portal, and the initial functionality: SignUp - Verify Profile]]>
              </value>
            </param>
          </params>
          <reporter-output>
          </reporter-output>
        </test-method> <!-- feature -->
        <test-method status="PASS" signature="tearDownClass(org.testng.ITestContext)[pri:0, instance:com.waes.cucumber.tests.NewWAESPortalInitialFunctionalities@3f908bc0]" name="tearDownClass" is-config="true" duration-ms="3635" started-at="2019-10-16T00:22:14Z" finished-at="2019-10-16T00:22:17Z">
          <params>
            <param index="0">
              <value>
                <![CDATA[org.testng.TestRunner@7b2f1f69]]>
              </value>
            </param>
          </params>
          <reporter-output>
          </reporter-output>
        </test-method> <!-- tearDownClass -->
      </class> <!-- com.waes.cucumber.tests.NewWAESPortalInitialFunctionalities -->
    </test> <!-- Login Functionality Feature -->
  </suite> <!-- New portal for WAES heroes -->
</testng-results>
