<?xml version="1.0" encoding="UTF-8"?>
<testsuite xmlns:xsi="http://www.w3.org/2001/XMLSchema-instance" xsi:noNamespaceSchemaLocation="https://maven.apache.org/surefire/maven-surefire-plugin/xsd/surefire-test-report-3.0.xsd" version="3.0" name="TestSuite" time="321.766" tests="8" errors="0" skipped="0" failures="0">
  <properties>
[...]
</properties>
  <testcase name="feature" classname="com.waes.cucumber.tests.NewWAESPortalInitialFunctionalities" time="33.615"/>
  <testcase name="feature" classname="com.waes.cucumber.tests.NewWAESPortalInitialFunctionalities" time="12.965"/>
  <testcase name="feature" classname="com.waes.cucumber.tests.NewWAESPortalInitialFunctionalities" time="27.311"/>
  <testcase name="feature" classname="com.waes.cucumber.tests.NewWAESPortalInitialFunctionalities" time="66.606"/>
  <testcase name="feature" classname="com.waes.cucumber.tests.NewWAESPortalInitialFunctionalities" time="49.414"/>
  <testcase name="feature" classname="com.waes.cucumber.tests.NewWAESPortalInitialFunctionalities" time="65.413"/>
  <testcase name="feature" classname="com.waes.cucumber.tests.NewWAESPortalInitialFunctionalities" time="18.208"/>
  <testcase name="feature" classname="com.waes.cucumber.tests.NewWAESPortalInitialFunctionalities" time="39.243"/>
</testsuite>