<?xml version="1.0" encoding="UTF-8"?>
<!-- Generated by org.testng.reporters.JUnitXMLReporter -->
<testsuite hostname="HYASPASSALACQUANB" ignored="0" name="Login Functionality Feature" tests="8" failures="0" timestamp="16 Oct 2019 00:22:17 GMT" time="317.148" errors="0">
  <testcase name="feature" time="33.358" classname="com.qaprosoft.carina.core.foundation.cucumber.CucumberRunner"/>
  <testcase name="feature" time="12.762" classname="com.qaprosoft.carina.core.foundation.cucumber.CucumberRunner"/>
  <testcase name="feature" time="27.079" classname="com.qaprosoft.carina.core.foundation.cucumber.CucumberRunner"/>
  <testcase name="feature" time="66.378" classname="com.qaprosoft.carina.core.foundation.cucumber.CucumberRunner"/>
  <testcase name="feature" time="49.254" classname="com.qaprosoft.carina.core.foundation.cucumber.CucumberRunner"/>
  <testcase name="feature" time="64.963" classname="com.qaprosoft.carina.core.foundation.cucumber.CucumberRunner"/>
  <testcase name="feature" time="18.129" classname="com.qaprosoft.carina.core.foundation.cucumber.CucumberRunner"/>
  <testcase name="feature" time="39.073" classname="com.qaprosoft.carina.core.foundation.cucumber.CucumberRunner"/>
</testsuite> <!-- Login Functionality Feature -->
